C:\Program Files\Microsoft Visual Studio\2022\Community\MSBuild\Microsoft\VC\v170\Microsoft.CppBuild.targets(516,5): warning MSB8004: Intermediate Directory does not end with a trailing slash.  This build instance will add the slash as it is required to allow proper evaluation of the Intermediate Directory.
C:\Program Files\Microsoft Visual Studio\2022\Community\MSBuild\Microsoft\VC\v170\Microsoft.CppBuild.targets(517,5): warning MSB8004: Output Directory does not end with a trailing slash.  This build instance will add the slash as it is required to allow proper evaluation of the Output Directory.
  main.cpp
C:\Program Files\Microsoft Visual Studio\2022\Community\VC\Tools\MSVC\14.42.34433\include\xutility(4709,18): warning C4244: '=': conversion from 'wchar_t' to 'char', possible loss of data
  (compiling source file 'main.cpp')
      C:\Program Files\Microsoft Visual Studio\2022\Community\VC\Tools\MSVC\14.42.34433\include\xutility(4709,18):
      the template instantiation context (the oldest one first) is
          C:\Users\vexify\Desktop\cat\FortniteSDK\SDK\game.hpp(68,27):
          see reference to function template instantiation 'std::basic_string<char,std::char_traits<char>,std::allocator<char>>::basic_string<std::_String_iterator<std::_String_val<std::_Simple_types<_Elem>>>,0>(_Iter,_Iter,const _Alloc &)' being compiled
          with
          [
              _Elem=wchar_t,
              _Iter=std::_String_iterator<std::_String_val<std::_Simple_types<wchar_t>>>,
              _Alloc=std::allocator<char>
          ]
              C:\Users\vexify\Desktop\cat\FortniteSDK\SDK\game.hpp(68,27):
              see the first reference to 'std::basic_string<char,std::char_traits<char>,std::allocator<char>>::basic_string' in 'Fortnite_Engine::platform_player'
          C:\Program Files\Microsoft Visual Studio\2022\Community\VC\Tools\MSVC\14.42.34433\include\xstring(793,17):
          see reference to function template instantiation 'void std::basic_string<char,std::char_traits<char>,std::allocator<char>>::_Construct_from_iter<wchar_t*,wchar_t*,_Size_type>(_Iter,const _Sent,_Size)' being compiled
          with
          [
              _Size_type=unsigned __int64,
              _Iter=wchar_t *,
              _Sent=wchar_t *,
              _Size=unsigned __int64
          ]
          C:\Program Files\Microsoft Visual Studio\2022\Community\VC\Tools\MSVC\14.42.34433\include\xstring(949,18):
          see reference to function template instantiation '_OutIt *std::_Copy_n_unchecked4<wchar_t*,_Size,char*>(_InIt,_SizeTy,_OutIt)' being compiled
          with
          [
              _OutIt=char *,
              _Size=unsigned __int64,
              _InIt=wchar_t *,
              _SizeTy=unsigned __int64
          ]
  
LINK : warning LNK4098: defaultlib 'LIBCMT' conflicts with use of other libs; use /NODEFAULTLIB:library
  Generating code
  106 of 1999 functions ( 5.3%) were compiled, the rest were copied from previous compilation.
    50 functions were new in current compilation
    16 functions had inline decision re-evaluated but remain unchanged
  Finished generating code
library_x64.lib(core.obj) : warning LNK4099: PDB '' was not found with 'library_x64.lib(core.obj)' or at ''; linking object as if no debug info
library_x64.lib(open.obj) : warning LNK4099: PDB '' was not found with 'library_x64.lib(open.obj)' or at ''; linking object as if no debug info
library_x64.lib(codecs.obj) : warning LNK4099: PDB '' was not found with 'library_x64.lib(codecs.obj)' or at ''; linking object as if no debug info
library_x64.lib(randombytes.obj) : warning LNK4099: PDB '' was not found with 'library_x64.lib(randombytes.obj)' or at ''; linking object as if no debug info
library_x64.lib(runtime.obj) : warning LNK4099: PDB '' was not found with 'library_x64.lib(runtime.obj)' or at ''; linking object as if no debug info
library_x64.lib(utils.obj) : warning LNK4099: PDB '' was not found with 'library_x64.lib(utils.obj)' or at ''; linking object as if no debug info
library_x64.lib(generichash_blake2b.obj) : warning LNK4099: PDB '' was not found with 'library_x64.lib(generichash_blake2b.obj)' or at ''; linking object as if no debug info
library_x64.lib(onetimeauth_poly1305.obj) : warning LNK4099: PDB '' was not found with 'library_x64.lib(onetimeauth_poly1305.obj)' or at ''; linking object as if no debug info
library_x64.lib(argon2-core.obj) : warning LNK4099: PDB '' was not found with 'library_x64.lib(argon2-core.obj)' or at ''; linking object as if no debug info
library_x64.lib(scalarmult_curve25519.obj) : warning LNK4099: PDB '' was not found with 'library_x64.lib(scalarmult_curve25519.obj)' or at ''; linking object as if no debug info
library_x64.lib(stream_chacha20.obj) : warning LNK4099: PDB '' was not found with 'library_x64.lib(stream_chacha20.obj)' or at ''; linking object as if no debug info
library_x64.lib(stream_salsa20.obj) : warning LNK4099: PDB '' was not found with 'library_x64.lib(stream_salsa20.obj)' or at ''; linking object as if no debug info
library_x64.lib(aead_aegis128l.obj) : warning LNK4099: PDB '' was not found with 'library_x64.lib(aead_aegis128l.obj)' or at ''; linking object as if no debug info
library_x64.lib(aead_aegis256.obj) : warning LNK4099: PDB '' was not found with 'library_x64.lib(aead_aegis256.obj)' or at ''; linking object as if no debug info
library_x64.lib(hash_sha512_cp.obj) : warning LNK4099: PDB '' was not found with 'library_x64.lib(hash_sha512_cp.obj)' or at ''; linking object as if no debug info
library_x64.lib(verify.obj) : warning LNK4099: PDB '' was not found with 'library_x64.lib(verify.obj)' or at ''; linking object as if no debug info
library_x64.lib(sign.obj) : warning LNK4099: PDB '' was not found with 'library_x64.lib(sign.obj)' or at ''; linking object as if no debug info
library_x64.lib(ed25519_ref10.obj) : warning LNK4099: PDB '' was not found with 'library_x64.lib(ed25519_ref10.obj)' or at ''; linking object as if no debug info
library_x64.lib(randombytes_sysrandom.obj) : warning LNK4099: PDB '' was not found with 'library_x64.lib(randombytes_sysrandom.obj)' or at ''; linking object as if no debug info
library_x64.lib(blake2b-ref.obj) : warning LNK4099: PDB '' was not found with 'library_x64.lib(blake2b-ref.obj)' or at ''; linking object as if no debug info
library_x64.lib(poly1305_donna.obj) : warning LNK4099: PDB '' was not found with 'library_x64.lib(poly1305_donna.obj)' or at ''; linking object as if no debug info
library_x64.lib(argon2-fill-block-ref.obj) : warning LNK4099: PDB '' was not found with 'library_x64.lib(argon2-fill-block-ref.obj)' or at ''; linking object as if no debug info
library_x64.lib(argon2-fill-block-avx512f.obj) : warning LNK4099: PDB '' was not found with 'library_x64.lib(argon2-fill-block-avx512f.obj)' or at ''; linking object as if no debug info
library_x64.lib(argon2-fill-block-avx2.obj) : warning LNK4099: PDB '' was not found with 'library_x64.lib(argon2-fill-block-avx2.obj)' or at ''; linking object as if no debug info
library_x64.lib(argon2-fill-block-ssse3.obj) : warning LNK4099: PDB '' was not found with 'library_x64.lib(argon2-fill-block-ssse3.obj)' or at ''; linking object as if no debug info
library_x64.lib(blake2b-long.obj) : warning LNK4099: PDB '' was not found with 'library_x64.lib(blake2b-long.obj)' or at ''; linking object as if no debug info
library_x64.lib(x25519_ref10.obj) : warning LNK4099: PDB '' was not found with 'library_x64.lib(x25519_ref10.obj)' or at ''; linking object as if no debug info
library_x64.lib(chacha20_ref.obj) : warning LNK4099: PDB '' was not found with 'library_x64.lib(chacha20_ref.obj)' or at ''; linking object as if no debug info
library_x64.lib(chacha20_dolbeau-avx2.obj) : warning LNK4099: PDB '' was not found with 'library_x64.lib(chacha20_dolbeau-avx2.obj)' or at ''; linking object as if no debug info
library_x64.lib(chacha20_dolbeau-ssse3.obj) : warning LNK4099: PDB '' was not found with 'library_x64.lib(chacha20_dolbeau-ssse3.obj)' or at ''; linking object as if no debug info
library_x64.lib(salsa20_ref.obj) : warning LNK4099: PDB '' was not found with 'library_x64.lib(salsa20_ref.obj)' or at ''; linking object as if no debug info
library_x64.lib(salsa20_xmm6int-sse2.obj) : warning LNK4099: PDB '' was not found with 'library_x64.lib(salsa20_xmm6int-sse2.obj)' or at ''; linking object as if no debug info
library_x64.lib(salsa20_xmm6int-avx2.obj) : warning LNK4099: PDB '' was not found with 'library_x64.lib(salsa20_xmm6int-avx2.obj)' or at ''; linking object as if no debug info
library_x64.lib(aegis128l_soft.obj) : warning LNK4099: PDB '' was not found with 'library_x64.lib(aegis128l_soft.obj)' or at ''; linking object as if no debug info
library_x64.lib(aegis128l_aesni.obj) : warning LNK4099: PDB '' was not found with 'library_x64.lib(aegis128l_aesni.obj)' or at ''; linking object as if no debug info
library_x64.lib(aegis256_soft.obj) : warning LNK4099: PDB '' was not found with 'library_x64.lib(aegis256_soft.obj)' or at ''; linking object as if no debug info
library_x64.lib(aegis256_aesni.obj) : warning LNK4099: PDB '' was not found with 'library_x64.lib(aegis256_aesni.obj)' or at ''; linking object as if no debug info
library_x64.lib(blake2b-compress-ref.obj) : warning LNK4099: PDB '' was not found with 'library_x64.lib(blake2b-compress-ref.obj)' or at ''; linking object as if no debug info
library_x64.lib(blake2b-compress-ssse3.obj) : warning LNK4099: PDB '' was not found with 'library_x64.lib(blake2b-compress-ssse3.obj)' or at ''; linking object as if no debug info
library_x64.lib(blake2b-compress-sse41.obj) : warning LNK4099: PDB '' was not found with 'library_x64.lib(blake2b-compress-sse41.obj)' or at ''; linking object as if no debug info
library_x64.lib(blake2b-compress-avx2.obj) : warning LNK4099: PDB '' was not found with 'library_x64.lib(blake2b-compress-avx2.obj)' or at ''; linking object as if no debug info
library_x64.lib(core_salsa_ref.obj) : warning LNK4099: PDB '' was not found with 'library_x64.lib(core_salsa_ref.obj)' or at ''; linking object as if no debug info
library_x64.lib(softaes.obj) : warning LNK4099: PDB '' was not found with 'library_x64.lib(softaes.obj)' or at ''; linking object as if no debug info
  SDK.vcxproj -> C:\Users\vexify\Desktop\cat\build_items\sdk.exe
