c:\users\vexify\desktop\cat\junk_intem\vc143.pdb
c:\users\vexify\desktop\cat\junk_intem\main.obj
c:\users\vexify\desktop\cat\junk_intem\imgui_widgets.obj
c:\users\vexify\desktop\cat\junk_intem\imgui_tables.obj
c:\users\vexify\desktop\cat\junk_intem\imgui_impl_win32.obj
c:\users\vexify\desktop\cat\junk_intem\imgui_impl_dx9.obj
c:\users\vexify\desktop\cat\junk_intem\imgui_draw.obj
c:\users\vexify\desktop\cat\junk_intem\imgui_demo.obj
c:\users\vexify\desktop\cat\junk_intem\imgui.obj
c:\users\vexify\desktop\cat\build_items\sdk.exe
c:\users\vexify\desktop\cat\build_items\sdk.pdb
c:\users\vexify\desktop\cat\junk_intem\sdk.ipdb
c:\users\vexify\desktop\cat\junk_intem\sdk.iobj
c:\users\vexify\desktop\cat\junk_intem\sdk.tlog\cl.command.1.tlog
c:\users\vexify\desktop\cat\junk_intem\sdk.tlog\cl.items.tlog
c:\users\vexify\desktop\cat\junk_intem\sdk.tlog\cl.read.1.tlog
c:\users\vexify\desktop\cat\junk_intem\sdk.tlog\cl.write.1.tlog
c:\users\vexify\desktop\cat\junk_intem\sdk.tlog\link.command.1.tlog
c:\users\vexify\desktop\cat\junk_intem\sdk.tlog\link.read.1.tlog
c:\users\vexify\desktop\cat\junk_intem\sdk.tlog\link.secondary.1.tlog
c:\users\vexify\desktop\cat\junk_intem\sdk.tlog\link.write.1.tlog
